0 info it worked if it ends with ok
1 verbose cli [ '/Users/martin/.nvm/v0.10.32/bin/node',
1 verbose cli   '/Users/martin/.nvm/v0.10.32/bin/npm',
1 verbose cli   'install' ]
2 info using npm@1.4.28
3 info using node@v0.10.32
4 verbose readDependencies using package.json deps
5 verbose install where, deps [ '/Users/martin/Development/apl_idoma',
5 verbose install   [ 'phoenix',
5 verbose install     'babel-brunch',
5 verbose install     'brunch',
5 verbose install     'clean-css-brunch',
5 verbose install     'css-brunch',
5 verbose install     'javascript-brunch',
5 verbose install     'uglify-js-brunch' ] ]
6 info preinstall @
7 verbose readDependencies using package.json deps
8 verbose cache add [ 'phoenix@file:deps/phoenix', null ]
9 verbose cache add name=undefined spec="phoenix@file:deps/phoenix" args=["phoenix@file:deps/phoenix",null]
10 verbose parsed url { protocol: null,
10 verbose parsed url   slashes: null,
10 verbose parsed url   auth: null,
10 verbose parsed url   host: null,
10 verbose parsed url   port: null,
10 verbose parsed url   hostname: null,
10 verbose parsed url   hash: null,
10 verbose parsed url   search: null,
10 verbose parsed url   query: null,
10 verbose parsed url   pathname: 'phoenix@file:deps/phoenix',
10 verbose parsed url   path: 'phoenix@file:deps/phoenix',
10 verbose parsed url   href: 'phoenix@file:deps/phoenix' }
11 verbose cache add [ 'babel-brunch@~6.0.0', null ]
12 verbose cache add name=undefined spec="babel-brunch@~6.0.0" args=["babel-brunch@~6.0.0",null]
13 verbose parsed url { protocol: null,
13 verbose parsed url   slashes: null,
13 verbose parsed url   auth: null,
13 verbose parsed url   host: null,
13 verbose parsed url   port: null,
13 verbose parsed url   hostname: null,
13 verbose parsed url   hash: null,
13 verbose parsed url   search: null,
13 verbose parsed url   query: null,
13 verbose parsed url   pathname: 'babel-brunch@~6.0.0',
13 verbose parsed url   path: 'babel-brunch@~6.0.0',
13 verbose parsed url   href: 'babel-brunch@~6.0.0' }
14 verbose cache add [ 'brunch@2.7.4', null ]
15 verbose cache add name=undefined spec="brunch@2.7.4" args=["brunch@2.7.4",null]
16 verbose parsed url { protocol: null,
16 verbose parsed url   slashes: null,
16 verbose parsed url   auth: null,
16 verbose parsed url   host: null,
16 verbose parsed url   port: null,
16 verbose parsed url   hostname: null,
16 verbose parsed url   hash: null,
16 verbose parsed url   search: null,
16 verbose parsed url   query: null,
16 verbose parsed url   pathname: 'brunch@2.7.4',
16 verbose parsed url   path: 'brunch@2.7.4',
16 verbose parsed url   href: 'brunch@2.7.4' }
17 verbose cache add [ 'clean-css-brunch@~2.0.0', null ]
18 verbose cache add name=undefined spec="clean-css-brunch@~2.0.0" args=["clean-css-brunch@~2.0.0",null]
19 verbose parsed url { protocol: null,
19 verbose parsed url   slashes: null,
19 verbose parsed url   auth: null,
19 verbose parsed url   host: null,
19 verbose parsed url   port: null,
19 verbose parsed url   hostname: null,
19 verbose parsed url   hash: null,
19 verbose parsed url   search: null,
19 verbose parsed url   query: null,
19 verbose parsed url   pathname: 'clean-css-brunch@~2.0.0',
19 verbose parsed url   path: 'clean-css-brunch@~2.0.0',
19 verbose parsed url   href: 'clean-css-brunch@~2.0.0' }
20 verbose cache add name="phoenix" spec="file:deps/phoenix" args=["phoenix","file:deps/phoenix"]
21 verbose parsed url { protocol: 'file:',
21 verbose parsed url   slashes: null,
21 verbose parsed url   auth: null,
21 verbose parsed url   host: null,
21 verbose parsed url   port: null,
21 verbose parsed url   hostname: null,
21 verbose parsed url   hash: null,
21 verbose parsed url   search: null,
21 verbose parsed url   query: null,
21 verbose parsed url   pathname: 'deps/phoenix',
21 verbose parsed url   path: 'deps/phoenix',
21 verbose parsed url   href: 'file:deps/phoenix' }
22 verbose addNamed [ 'phoenix', 'file:deps/phoenix' ]
23 verbose addNamed [ null, null ]
24 verbose cache add name="babel-brunch" spec="~6.0.0" args=["babel-brunch","~6.0.0"]
25 verbose parsed url { protocol: null,
25 verbose parsed url   slashes: null,
25 verbose parsed url   auth: null,
25 verbose parsed url   host: null,
25 verbose parsed url   port: null,
25 verbose parsed url   hostname: null,
25 verbose parsed url   hash: null,
25 verbose parsed url   search: null,
25 verbose parsed url   query: null,
25 verbose parsed url   pathname: '~6.0.0',
25 verbose parsed url   path: '~6.0.0',
25 verbose parsed url   href: '~6.0.0' }
26 verbose addNamed [ 'babel-brunch', '~6.0.0' ]
27 verbose addNamed [ null, '>=6.0.0-0 <6.1.0-0' ]
28 verbose cache add name="brunch" spec="2.7.4" args=["brunch","2.7.4"]
29 verbose parsed url { protocol: null,
29 verbose parsed url   slashes: null,
29 verbose parsed url   auth: null,
29 verbose parsed url   host: null,
29 verbose parsed url   port: null,
29 verbose parsed url   hostname: null,
29 verbose parsed url   hash: null,
29 verbose parsed url   search: null,
29 verbose parsed url   query: null,
29 verbose parsed url   pathname: '2.7.4',
29 verbose parsed url   path: '2.7.4',
29 verbose parsed url   href: '2.7.4' }
30 verbose addNamed [ 'brunch', '2.7.4' ]
31 verbose addNamed [ '2.7.4', '2.7.4' ]
32 verbose cache add [ 'css-brunch@~2.0.0', null ]
33 verbose cache add name=undefined spec="css-brunch@~2.0.0" args=["css-brunch@~2.0.0",null]
34 verbose parsed url { protocol: null,
34 verbose parsed url   slashes: null,
34 verbose parsed url   auth: null,
34 verbose parsed url   host: null,
34 verbose parsed url   port: null,
34 verbose parsed url   hostname: null,
34 verbose parsed url   hash: null,
34 verbose parsed url   search: null,
34 verbose parsed url   query: null,
34 verbose parsed url   pathname: 'css-brunch@~2.0.0',
34 verbose parsed url   path: 'css-brunch@~2.0.0',
34 verbose parsed url   href: 'css-brunch@~2.0.0' }
35 verbose cache add [ 'javascript-brunch@~2.0.0', null ]
36 verbose cache add name=undefined spec="javascript-brunch@~2.0.0" args=["javascript-brunch@~2.0.0",null]
37 verbose parsed url { protocol: null,
37 verbose parsed url   slashes: null,
37 verbose parsed url   auth: null,
37 verbose parsed url   host: null,
37 verbose parsed url   port: null,
37 verbose parsed url   hostname: null,
37 verbose parsed url   hash: null,
37 verbose parsed url   search: null,
37 verbose parsed url   query: null,
37 verbose parsed url   pathname: 'javascript-brunch@~2.0.0',
37 verbose parsed url   path: 'javascript-brunch@~2.0.0',
37 verbose parsed url   href: 'javascript-brunch@~2.0.0' }
38 verbose cache add name="clean-css-brunch" spec="~2.0.0" args=["clean-css-brunch","~2.0.0"]
39 verbose parsed url { protocol: null,
39 verbose parsed url   slashes: null,
39 verbose parsed url   auth: null,
39 verbose parsed url   host: null,
39 verbose parsed url   port: null,
39 verbose parsed url   hostname: null,
39 verbose parsed url   hash: null,
39 verbose parsed url   search: null,
39 verbose parsed url   query: null,
39 verbose parsed url   pathname: '~2.0.0',
39 verbose parsed url   path: '~2.0.0',
39 verbose parsed url   href: '~2.0.0' }
40 verbose addNamed [ 'clean-css-brunch', '~2.0.0' ]
41 verbose addNamed [ null, '>=2.0.0-0 <2.1.0-0' ]
42 silly lockFile 25706d37-phoenix-file-deps-phoenix phoenix@file:deps/phoenix
43 verbose lock phoenix@file:deps/phoenix /Users/martin/.npm/25706d37-phoenix-file-deps-phoenix.lock
44 silly lockFile 6b74a846-babel-brunch-6-0-0 babel-brunch@~6.0.0
45 verbose lock babel-brunch@~6.0.0 /Users/martin/.npm/6b74a846-babel-brunch-6-0-0.lock
46 silly lockFile 34741395-brunch-2-7-4 brunch@2.7.4
47 verbose lock brunch@2.7.4 /Users/martin/.npm/34741395-brunch-2-7-4.lock
48 silly lockFile 2cc3d744-clean-css-brunch-2-0-0 clean-css-brunch@~2.0.0
49 verbose lock clean-css-brunch@~2.0.0 /Users/martin/.npm/2cc3d744-clean-css-brunch-2-0-0.lock
50 verbose cache add name="css-brunch" spec="~2.0.0" args=["css-brunch","~2.0.0"]
51 verbose parsed url { protocol: null,
51 verbose parsed url   slashes: null,
51 verbose parsed url   auth: null,
51 verbose parsed url   host: null,
51 verbose parsed url   port: null,
51 verbose parsed url   hostname: null,
51 verbose parsed url   hash: null,
51 verbose parsed url   search: null,
51 verbose parsed url   query: null,
51 verbose parsed url   pathname: '~2.0.0',
51 verbose parsed url   path: '~2.0.0',
51 verbose parsed url   href: '~2.0.0' }
52 verbose addNamed [ 'css-brunch', '~2.0.0' ]
53 verbose addNamed [ null, '>=2.0.0-0 <2.1.0-0' ]
54 silly lockFile 1da32090-css-brunch-2-0-0 css-brunch@~2.0.0
55 verbose lock css-brunch@~2.0.0 /Users/martin/.npm/1da32090-css-brunch-2-0-0.lock
56 verbose cache add [ 'uglify-js-brunch@~2.0.1', null ]
57 verbose cache add name=undefined spec="uglify-js-brunch@~2.0.1" args=["uglify-js-brunch@~2.0.1",null]
58 verbose parsed url { protocol: null,
58 verbose parsed url   slashes: null,
58 verbose parsed url   auth: null,
58 verbose parsed url   host: null,
58 verbose parsed url   port: null,
58 verbose parsed url   hostname: null,
58 verbose parsed url   hash: null,
58 verbose parsed url   search: null,
58 verbose parsed url   query: null,
58 verbose parsed url   pathname: 'uglify-js-brunch@~2.0.1',
58 verbose parsed url   path: 'uglify-js-brunch@~2.0.1',
58 verbose parsed url   href: 'uglify-js-brunch@~2.0.1' }
59 verbose cache add name="javascript-brunch" spec="~2.0.0" args=["javascript-brunch","~2.0.0"]
60 verbose parsed url { protocol: null,
60 verbose parsed url   slashes: null,
60 verbose parsed url   auth: null,
60 verbose parsed url   host: null,
60 verbose parsed url   port: null,
60 verbose parsed url   hostname: null,
60 verbose parsed url   hash: null,
60 verbose parsed url   search: null,
60 verbose parsed url   query: null,
60 verbose parsed url   pathname: '~2.0.0',
60 verbose parsed url   path: '~2.0.0',
60 verbose parsed url   href: '~2.0.0' }
61 verbose addNamed [ 'javascript-brunch', '~2.0.0' ]
62 verbose addNamed [ null, '>=2.0.0-0 <2.1.0-0' ]
63 silly lockFile ba3f7e2f-javascript-brunch-2-0-0 javascript-brunch@~2.0.0
64 verbose lock javascript-brunch@~2.0.0 /Users/martin/.npm/ba3f7e2f-javascript-brunch-2-0-0.lock
65 verbose cache add name="uglify-js-brunch" spec="~2.0.1" args=["uglify-js-brunch","~2.0.1"]
66 verbose parsed url { protocol: null,
66 verbose parsed url   slashes: null,
66 verbose parsed url   auth: null,
66 verbose parsed url   host: null,
66 verbose parsed url   port: null,
66 verbose parsed url   hostname: null,
66 verbose parsed url   hash: null,
66 verbose parsed url   search: null,
66 verbose parsed url   query: null,
66 verbose parsed url   pathname: '~2.0.1',
66 verbose parsed url   path: '~2.0.1',
66 verbose parsed url   href: '~2.0.1' }
67 verbose addNamed [ 'uglify-js-brunch', '~2.0.1' ]
68 verbose addNamed [ null, '>=2.0.1-0 <2.1.0-0' ]
69 silly lockFile d368487a-uglify-js-brunch-2-0-1 uglify-js-brunch@~2.0.1
70 verbose lock uglify-js-brunch@~2.0.1 /Users/martin/.npm/d368487a-uglify-js-brunch-2-0-1.lock
71 info addNameTag [ 'phoenix', 'file:deps/phoenix' ]
72 silly addNameRange { name: 'babel-brunch',
72 silly addNameRange   range: '>=6.0.0-0 <6.1.0-0',
72 silly addNameRange   hasData: false }
73 silly addNameRange { name: 'clean-css-brunch',
73 silly addNameRange   range: '>=2.0.0-0 <2.1.0-0',
73 silly addNameRange   hasData: false }
74 silly addNameRange { name: 'css-brunch',
74 silly addNameRange   range: '>=2.0.0-0 <2.1.0-0',
74 silly addNameRange   hasData: false }
75 silly addNameRange { name: 'javascript-brunch',
75 silly addNameRange   range: '>=2.0.0-0 <2.1.0-0',
75 silly addNameRange   hasData: false }
76 silly addNameRange { name: 'uglify-js-brunch',
76 silly addNameRange   range: '>=2.0.1-0 <2.1.0-0',
76 silly addNameRange   hasData: false }
77 verbose request where is /babel-brunch
78 verbose request registry https://registry.npmjs.org/
79 verbose request id c47733b9b1dc76b0
80 verbose url raw /babel-brunch
81 verbose url resolving [ 'https://registry.npmjs.org/', './babel-brunch' ]
82 verbose url resolved https://registry.npmjs.org/babel-brunch
83 verbose request where is https://registry.npmjs.org/babel-brunch
84 info trying registry request attempt 1 at 14:25:34
85 verbose etag W/"57b3b652-4e24"
86 http GET https://registry.npmjs.org/babel-brunch
87 verbose request where is /phoenix
88 verbose request registry https://registry.npmjs.org/
89 verbose url raw /phoenix
90 verbose url resolving [ 'https://registry.npmjs.org/', './phoenix' ]
91 verbose url resolved https://registry.npmjs.org/phoenix
92 verbose request where is https://registry.npmjs.org/phoenix
93 info trying registry request attempt 1 at 14:25:34
94 verbose etag W/"58084305-24ba"
95 http GET https://registry.npmjs.org/phoenix
96 verbose request where is /javascript-brunch
97 verbose request registry https://registry.npmjs.org/
98 verbose url raw /javascript-brunch
99 verbose url resolving [ 'https://registry.npmjs.org/', './javascript-brunch' ]
100 verbose url resolved https://registry.npmjs.org/javascript-brunch
101 verbose request where is https://registry.npmjs.org/javascript-brunch
102 info trying registry request attempt 1 at 14:25:34
103 verbose etag W/"5825f7d0-35b6"
104 http GET https://registry.npmjs.org/javascript-brunch
105 verbose request where is /css-brunch
106 verbose request registry https://registry.npmjs.org/
107 verbose url raw /css-brunch
108 verbose url resolving [ 'https://registry.npmjs.org/', './css-brunch' ]
109 verbose url resolved https://registry.npmjs.org/css-brunch
110 verbose request where is https://registry.npmjs.org/css-brunch
111 info trying registry request attempt 1 at 14:25:34
112 verbose etag W/"5825f7d0-3779"
113 http GET https://registry.npmjs.org/css-brunch
114 verbose request where is /clean-css-brunch
115 verbose request registry https://registry.npmjs.org/
116 verbose url raw /clean-css-brunch
117 verbose url resolving [ 'https://registry.npmjs.org/', './clean-css-brunch' ]
118 verbose url resolved https://registry.npmjs.org/clean-css-brunch
119 verbose request where is https://registry.npmjs.org/clean-css-brunch
120 info trying registry request attempt 1 at 14:25:34
121 verbose etag W/"5825f7de-3f29"
122 http GET https://registry.npmjs.org/clean-css-brunch
123 verbose request where is /brunch
124 verbose request registry https://registry.npmjs.org/
125 verbose url raw /brunch
126 verbose url resolving [ 'https://registry.npmjs.org/', './brunch' ]
127 verbose url resolved https://registry.npmjs.org/brunch
128 verbose request where is https://registry.npmjs.org/brunch
129 info trying registry request attempt 1 at 14:25:34
130 verbose etag W/"5825f7d1-3fd3f"
131 http GET https://registry.npmjs.org/brunch
132 verbose request where is /uglify-js-brunch
133 verbose request registry https://registry.npmjs.org/
134 verbose url raw /uglify-js-brunch
135 verbose url resolving [ 'https://registry.npmjs.org/', './uglify-js-brunch' ]
136 verbose url resolved https://registry.npmjs.org/uglify-js-brunch
137 verbose request where is https://registry.npmjs.org/uglify-js-brunch
138 info trying registry request attempt 1 at 14:25:34
139 verbose etag W/"5825f7d0-5418"
140 http GET https://registry.npmjs.org/uglify-js-brunch
141 http 304 https://registry.npmjs.org/phoenix
142 silly registry.get cb [ 304,
142 silly registry.get   { date: 'Fri, 02 Dec 2016 13:25:34 GMT',
142 silly registry.get     via: '1.1 varnish',
142 silly registry.get     'cache-control': 'max-age=300',
142 silly registry.get     etag: 'W/"58084305-24ba"',
142 silly registry.get     age: '294',
142 silly registry.get     connection: 'keep-alive',
142 silly registry.get     'x-served-by': 'cache-fra1248-FRA',
142 silly registry.get     'x-cache': 'HIT',
142 silly registry.get     'x-cache-hits': '1',
142 silly registry.get     'x-timer': 'S1480685134.924383,VS0,VE0',
142 silly registry.get     vary: 'Accept-Encoding' } ]
143 verbose etag https://registry.npmjs.org/phoenix from cache
144 http 304 https://registry.npmjs.org/babel-brunch
145 silly registry.get cb [ 304,
145 silly registry.get   { date: 'Fri, 02 Dec 2016 13:25:34 GMT',
145 silly registry.get     via: '1.1 varnish',
145 silly registry.get     'cache-control': 'max-age=300',
145 silly registry.get     etag: 'W/"57b3b652-4e24"',
145 silly registry.get     age: '294',
145 silly registry.get     connection: 'keep-alive',
145 silly registry.get     'x-served-by': 'cache-fra1236-FRA',
145 silly registry.get     'x-cache': 'HIT',
145 silly registry.get     'x-cache-hits': '1',
145 silly registry.get     'x-timer': 'S1480685134.924492,VS0,VE0',
145 silly registry.get     vary: 'Accept-Encoding' } ]
146 verbose etag https://registry.npmjs.org/babel-brunch from cache
147 info maybeGithub Attempting file:deps/phoenix from git://github.com/file:deps/phoenix
148 silly lockFile 6d5f9840-git-github-com-file-deps-phoenix git://github.com/file:deps/phoenix
149 verbose lock git://github.com/file:deps/phoenix /Users/martin/.npm/6d5f9840-git-github-com-file-deps-phoenix.lock
150 silly addNameRange number 2 { name: 'babel-brunch',
150 silly addNameRange   range: '>=6.0.0-0 <6.1.0-0',
150 silly addNameRange   hasData: true }
151 silly addNameRange versions [ 'babel-brunch',
151 silly addNameRange   [ '4.0.0',
151 silly addNameRange     '5.0.0',
151 silly addNameRange     '5.0.1',
151 silly addNameRange     '5.1.0',
151 silly addNameRange     '5.1.1',
151 silly addNameRange     '5.1.2',
151 silly addNameRange     '6.0.0',
151 silly addNameRange     '6.0.1',
151 silly addNameRange     '6.0.2',
151 silly addNameRange     '6.0.3',
151 silly addNameRange     '6.0.4',
151 silly addNameRange     '6.0.5',
151 silly addNameRange     '6.0.6' ] ]
152 verbose addNamed [ 'babel-brunch', '6.0.6' ]
153 verbose addNamed [ '6.0.6', '6.0.6' ]
154 silly lockFile cd22ecc2-babel-brunch-6-0-6 babel-brunch@6.0.6
155 verbose lock babel-brunch@6.0.6 /Users/martin/.npm/cd22ecc2-babel-brunch-6-0-6.lock
156 verbose addRemoteGit [ 'git://github.com/file:deps/phoenix', 'master' ]
157 http 304 https://registry.npmjs.org/javascript-brunch
158 silly registry.get cb [ 304,
158 silly registry.get   { date: 'Fri, 02 Dec 2016 13:25:34 GMT',
158 silly registry.get     via: '1.1 varnish',
158 silly registry.get     'cache-control': 'max-age=300',
158 silly registry.get     etag: 'W/"5825f7d0-35b6"',
158 silly registry.get     age: '295',
158 silly registry.get     connection: 'keep-alive',
158 silly registry.get     'x-served-by': 'cache-fra1225-FRA',
158 silly registry.get     'x-cache': 'HIT',
158 silly registry.get     'x-cache-hits': '2',
158 silly registry.get     'x-timer': 'S1480685134.938368,VS0,VE0',
158 silly registry.get     vary: 'Accept-Encoding' } ]
159 verbose etag https://registry.npmjs.org/javascript-brunch from cache
160 silly lockFile cd22ecc2-babel-brunch-6-0-6 babel-brunch@6.0.6
161 silly lockFile cd22ecc2-babel-brunch-6-0-6 babel-brunch@6.0.6
162 http 304 https://registry.npmjs.org/clean-css-brunch
163 silly registry.get cb [ 304,
163 silly registry.get   { date: 'Fri, 02 Dec 2016 13:25:34 GMT',
163 silly registry.get     via: '1.1 varnish',
163 silly registry.get     'cache-control': 'max-age=300',
163 silly registry.get     etag: 'W/"5825f7de-3f29"',
163 silly registry.get     age: '294',
163 silly registry.get     connection: 'keep-alive',
163 silly registry.get     'x-served-by': 'cache-fra1248-FRA',
163 silly registry.get     'x-cache': 'HIT',
163 silly registry.get     'x-cache-hits': '1',
163 silly registry.get     'x-timer': 'S1480685134.944956,VS0,VE0',
163 silly registry.get     vary: 'Accept-Encoding' } ]
164 verbose etag https://registry.npmjs.org/clean-css-brunch from cache
165 silly lockFile 6b74a846-babel-brunch-6-0-0 babel-brunch@~6.0.0
166 silly lockFile 6b74a846-babel-brunch-6-0-0 babel-brunch@~6.0.0
167 silly addNameRange number 2 { name: 'clean-css-brunch',
167 silly addNameRange   range: '>=2.0.0-0 <2.1.0-0',
167 silly addNameRange   hasData: true }
168 silly addNameRange versions [ 'clean-css-brunch',
168 silly addNameRange   [ '1.0.0',
168 silly addNameRange     '1.1.0',
168 silly addNameRange     '1.1.1',
168 silly addNameRange     '1.3.0',
168 silly addNameRange     '1.4.0',
168 silly addNameRange     '1.5.0',
168 silly addNameRange     '1.5.1',
168 silly addNameRange     '1.6.0',
168 silly addNameRange     '1.7.0',
168 silly addNameRange     '1.7.1',
168 silly addNameRange     '1.7.2',
168 silly addNameRange     '1.8.0',
168 silly addNameRange     '2.0.0' ] ]
169 verbose addNamed [ 'clean-css-brunch', '2.0.0' ]
170 verbose addNamed [ '2.0.0', '2.0.0' ]
171 silly lockFile 9c5c8935-clean-css-brunch-2-0-0 clean-css-brunch@2.0.0
172 verbose lock clean-css-brunch@2.0.0 /Users/martin/.npm/9c5c8935-clean-css-brunch-2-0-0.lock
173 silly addNameRange number 2 { name: 'javascript-brunch',
173 silly addNameRange   range: '>=2.0.0-0 <2.1.0-0',
173 silly addNameRange   hasData: true }
174 silly addNameRange versions [ 'javascript-brunch',
174 silly addNameRange   [ '1.0.0',
174 silly addNameRange     '1.1.0',
174 silly addNameRange     '1.1.1',
174 silly addNameRange     '1.3.0',
174 silly addNameRange     '1.5.0',
174 silly addNameRange     '1.5.1',
174 silly addNameRange     '1.6.0',
174 silly addNameRange     '1.7.0',
174 silly addNameRange     '1.7.1',
174 silly addNameRange     '1.8.0',
174 silly addNameRange     '2.0.0' ] ]
175 verbose addNamed [ 'javascript-brunch', '2.0.0' ]
176 verbose addNamed [ '2.0.0', '2.0.0' ]
177 silly lockFile 67fa401c-javascript-brunch-2-0-0 javascript-brunch@2.0.0
178 verbose lock javascript-brunch@2.0.0 /Users/martin/.npm/67fa401c-javascript-brunch-2-0-0.lock
179 silly lockFile 67fa401c-javascript-brunch-2-0-0 javascript-brunch@2.0.0
180 silly lockFile 67fa401c-javascript-brunch-2-0-0 javascript-brunch@2.0.0
181 silly lockFile 9c5c8935-clean-css-brunch-2-0-0 clean-css-brunch@2.0.0
182 silly lockFile 9c5c8935-clean-css-brunch-2-0-0 clean-css-brunch@2.0.0
183 silly lockFile ba3f7e2f-javascript-brunch-2-0-0 javascript-brunch@~2.0.0
184 silly lockFile ba3f7e2f-javascript-brunch-2-0-0 javascript-brunch@~2.0.0
185 silly lockFile 2cc3d744-clean-css-brunch-2-0-0 clean-css-brunch@~2.0.0
186 silly lockFile 2cc3d744-clean-css-brunch-2-0-0 clean-css-brunch@~2.0.0
187 http 304 https://registry.npmjs.org/brunch
188 silly registry.get cb [ 304,
188 silly registry.get   { date: 'Fri, 02 Dec 2016 13:25:34 GMT',
188 silly registry.get     via: '1.1 varnish',
188 silly registry.get     'cache-control': 'max-age=300',
188 silly registry.get     etag: 'W/"5825f7d1-3fd3f"',
188 silly registry.get     age: '29',
188 silly registry.get     connection: 'keep-alive',
188 silly registry.get     'x-served-by': 'cache-fra1248-FRA',
188 silly registry.get     'x-cache': 'HIT',
188 silly registry.get     'x-cache-hits': '1',
188 silly registry.get     'x-timer': 'S1480685134.988775,VS0,VE0',
188 silly registry.get     vary: 'Accept-Encoding' } ]
189 verbose etag https://registry.npmjs.org/brunch from cache
190 http 304 https://registry.npmjs.org/uglify-js-brunch
191 silly registry.get cb [ 304,
191 silly registry.get   { date: 'Fri, 02 Dec 2016 13:25:34 GMT',
191 silly registry.get     via: '1.1 varnish',
191 silly registry.get     'cache-control': 'max-age=300',
191 silly registry.get     etag: 'W/"5825f7d0-5418"',
191 silly registry.get     age: '295',
191 silly registry.get     connection: 'keep-alive',
191 silly registry.get     'x-served-by': 'cache-fra1236-FRA',
191 silly registry.get     'x-cache': 'HIT',
191 silly registry.get     'x-cache-hits': '1',
191 silly registry.get     'x-timer': 'S1480685134.996304,VS0,VE0',
191 silly registry.get     vary: 'Accept-Encoding' } ]
192 verbose etag https://registry.npmjs.org/uglify-js-brunch from cache
193 silly addNameRange number 2 { name: 'uglify-js-brunch',
193 silly addNameRange   range: '>=2.0.1-0 <2.1.0-0',
193 silly addNameRange   hasData: true }
194 silly addNameRange versions [ 'uglify-js-brunch',
194 silly addNameRange   [ '1.0.0',
194 silly addNameRange     '1.1.0',
194 silly addNameRange     '1.1.1',
194 silly addNameRange     '1.3.0',
194 silly addNameRange     '1.3.1',
194 silly addNameRange     '1.5.0',
194 silly addNameRange     '1.5.1',
194 silly addNameRange     '1.7.0',
194 silly addNameRange     '1.7.1',
194 silly addNameRange     '1.7.2',
194 silly addNameRange     '1.7.3',
194 silly addNameRange     '1.7.4',
194 silly addNameRange     '1.7.5',
194 silly addNameRange     '1.7.6',
194 silly addNameRange     '1.7.7',
194 silly addNameRange     '1.7.8',
194 silly addNameRange     '2.0.0',
194 silly addNameRange     '2.0.1' ] ]
195 verbose addNamed [ 'uglify-js-brunch', '2.0.1' ]
196 verbose addNamed [ '2.0.1', '2.0.1' ]
197 silly lockFile 670853b1-uglify-js-brunch-2-0-1 uglify-js-brunch@2.0.1
198 verbose lock uglify-js-brunch@2.0.1 /Users/martin/.npm/670853b1-uglify-js-brunch-2-0-1.lock
199 silly lockFile 34741395-brunch-2-7-4 brunch@2.7.4
200 silly lockFile 34741395-brunch-2-7-4 brunch@2.7.4
201 silly lockFile 670853b1-uglify-js-brunch-2-0-1 uglify-js-brunch@2.0.1
202 silly lockFile 670853b1-uglify-js-brunch-2-0-1 uglify-js-brunch@2.0.1
203 silly lockFile d368487a-uglify-js-brunch-2-0-1 uglify-js-brunch@~2.0.1
204 silly lockFile d368487a-uglify-js-brunch-2-0-1 uglify-js-brunch@~2.0.1
205 http 304 https://registry.npmjs.org/css-brunch
206 silly registry.get cb [ 304,
206 silly registry.get   { date: 'Fri, 02 Dec 2016 13:25:35 GMT',
206 silly registry.get     via: '1.1 varnish',
206 silly registry.get     'cache-control': 'max-age=300',
206 silly registry.get     etag: 'W/"5825f7d0-3779"',
206 silly registry.get     age: '29',
206 silly registry.get     connection: 'keep-alive',
206 silly registry.get     'x-served-by': 'cache-fra1223-FRA',
206 silly registry.get     'x-cache': 'HIT',
206 silly registry.get     'x-cache-hits': '1',
206 silly registry.get     'x-timer': 'S1480685135.212210,VS0,VE0',
206 silly registry.get     vary: 'Accept-Encoding' } ]
207 verbose etag https://registry.npmjs.org/css-brunch from cache
208 silly addNameRange number 2 { name: 'css-brunch',
208 silly addNameRange   range: '>=2.0.0-0 <2.1.0-0',
208 silly addNameRange   hasData: true }
209 silly addNameRange versions [ 'css-brunch',
209 silly addNameRange   [ '1.0.0',
209 silly addNameRange     '1.1.0',
209 silly addNameRange     '1.1.1',
209 silly addNameRange     '1.3.0',
209 silly addNameRange     '1.5.0',
209 silly addNameRange     '1.5.1',
209 silly addNameRange     '1.6.0',
209 silly addNameRange     '1.7.0',
209 silly addNameRange     '2.0.0',
209 silly addNameRange     '2.6.0',
209 silly addNameRange     '2.6.1' ] ]
210 verbose addNamed [ 'css-brunch', '2.0.0' ]
211 verbose addNamed [ '2.0.0', '2.0.0' ]
212 silly lockFile 708400cd-css-brunch-2-0-0 css-brunch@2.0.0
213 verbose lock css-brunch@2.0.0 /Users/martin/.npm/708400cd-css-brunch-2-0-0.lock
214 silly lockFile 708400cd-css-brunch-2-0-0 css-brunch@2.0.0
215 silly lockFile 708400cd-css-brunch-2-0-0 css-brunch@2.0.0
216 silly lockFile 1da32090-css-brunch-2-0-0 css-brunch@~2.0.0
217 silly lockFile 1da32090-css-brunch-2-0-0 css-brunch@~2.0.0
218 verbose git clone git://github.com/file:deps/phoenix Cloning into bare repository '/Users/martin/.npm/_git-remotes/git-github-com-file-deps-phoenix-6d5f9840'...
218 verbose git clone git://github.com/file:deps/phoenix fatal: remote error:
218 verbose git clone git://github.com/file:deps/phoenix   file:deps/phoenix is not a valid repository name
218 verbose git clone git://github.com/file:deps/phoenix   Email support@github.com for help
219 silly lockFile 6d5f9840-git-github-com-file-deps-phoenix git://github.com/file:deps/phoenix
220 silly lockFile 6d5f9840-git-github-com-file-deps-phoenix git://github.com/file:deps/phoenix
221 info maybeGithub Attempting file:deps/phoenix from git+ssh://git@github.com:file:deps/phoenix
222 silly lockFile c83d6c1a-git-github-com-file-deps-phoenix git@github.com:file:deps/phoenix
223 verbose lock git@github.com:file:deps/phoenix /Users/martin/.npm/c83d6c1a-git-github-com-file-deps-phoenix.lock
224 verbose addRemoteGit [ 'git@github.com:file:deps/phoenix', 'master' ]
225 error git clone git@github.com:file:deps/phoenix Cloning into bare repository '/Users/martin/.npm/_git-remotes/git-github-com-file-deps-phoenix-c83d6c1a'...
225 error git clone git@github.com:file:deps/phoenix fatal: remote error:
225 error git clone git@github.com:file:deps/phoenix    is not a valid repository name
225 error git clone git@github.com:file:deps/phoenix   Email support@github.com for help
226 silly lockFile c83d6c1a-git-github-com-file-deps-phoenix git@github.com:file:deps/phoenix
227 silly lockFile c83d6c1a-git-github-com-file-deps-phoenix git@github.com:file:deps/phoenix
228 silly lockFile 25706d37-phoenix-file-deps-phoenix phoenix@file:deps/phoenix
229 silly lockFile 25706d37-phoenix-file-deps-phoenix phoenix@file:deps/phoenix
230 error notarget No compatible version found: phoenix@'file:deps/phoenix'
230 error notarget Valid install targets:
230 error notarget ["0.1.1-dev","1.2.0-rc.0","1.2.0","1.2.1"]
230 error notarget
230 error notarget This is most likely not a problem with npm itself.
230 error notarget In most cases you or one of your dependencies are requesting
230 error notarget a package version that doesn't exist.
231 error System Darwin 15.6.0
232 error command "/Users/martin/.nvm/v0.10.32/bin/node" "/Users/martin/.nvm/v0.10.32/bin/npm" "install"
233 error cwd /Users/martin/Development/apl_idoma
234 error node -v v0.10.32
235 error npm -v 1.4.28
236 error code ETARGET
237 verbose exit [ 1, true ]
